[2018-09-24 22:01:03,553][Thread-14:14876][task_id:default][exception_logging_middleware.py:10] [ERROR]- Traceback (most recent call last):
  File "G:\GitHub\StudentOnline\lib\site-packages\django\core\handlers\base.py", line 132, in get_response
    response = wrapped_callback(request, *callback_args, **callback_kwargs)
TypeError: studetail() got an unexpected keyword argument 'workflowId'

[2018-09-24 22:15:47,383][Thread-7:14932][task_id:default][exception_logging_middleware.py:10] [ERROR]- Traceback (most recent call last):
  File "G:\GitHub\StudentOnline\lib\site-packages\django\core\handlers\base.py", line 132, in get_response
    response = wrapped_callback(request, *callback_args, **callback_kwargs)
  File "G:/GitHub/StudentOnline/student\stuMgr\views.py", line 49, in studetail
    context["classid"] = studentInfo.classid__id
AttributeError: 'student' object has no attribute 'classid__id'

[2018-09-24 23:30:41,055][Thread-50:16380][task_id:default][exception_logging_middleware.py:10] [ERROR]- Traceback (most recent call last):
  File "G:\GitHub\StudentOnline\lib\site-packages\django\core\handlers\base.py", line 132, in get_response
    response = wrapped_callback(request, *callback_args, **callback_kwargs)
  File "G:/GitHub/StudentOnline/student\stuMgr\views.py", line 21, in studentsinfo
    return render(request, 'studentsinfo.html', context)
  File "G:\GitHub\StudentOnline\lib\site-packages\django\shortcuts.py", line 67, in render
    template_name, context, request=request, using=using)
  File "G:\GitHub\StudentOnline\lib\site-packages\django\template\loader.py", line 98, in render_to_string
    template = get_template(template_name, using=using)
  File "G:\GitHub\StudentOnline\lib\site-packages\django\template\loader.py", line 35, in get_template
    return engine.get_template(template_name, dirs)
  File "G:\GitHub\StudentOnline\lib\site-packages\django\template\backends\django.py", line 30, in get_template
    return Template(self.engine.get_template(template_name, dirs))
  File "G:\GitHub\StudentOnline\lib\site-packages\django\template\engine.py", line 167, in get_template
    template, origin = self.find_template(template_name, dirs)
  File "G:\GitHub\StudentOnline\lib\site-packages\django\template\engine.py", line 141, in find_template
    source, display_name = loader(name, dirs)
  File "G:\GitHub\StudentOnline\lib\site-packages\django\template\loaders\base.py", line 13, in __call__
    return self.load_template(template_name, template_dirs)
  File "G:\GitHub\StudentOnline\lib\site-packages\django\template\loaders\base.py", line 23, in load_template
    template = Template(source, origin, template_name, self.engine)
  File "G:\GitHub\StudentOnline\lib\site-packages\django\template\base.py", line 191, in __init__
    self.nodelist = engine.compile_string(template_string, origin)
  File "G:\GitHub\StudentOnline\lib\site-packages\django\template\engine.py", line 261, in compile_string
    return parser.parse()
  File "G:\GitHub\StudentOnline\lib\site-packages\django\template\base.py", line 342, in parse
    compiled_result = compile_func(self, token)
  File "G:\GitHub\StudentOnline\lib\site-packages\django\template\loader_tags.py", line 210, in do_extends
    nodelist = parser.parse()
  File "G:\GitHub\StudentOnline\lib\site-packages\django\template\base.py", line 342, in parse
    compiled_result = compile_func(self, token)
  File "G:\GitHub\StudentOnline\lib\site-packages\django\template\loader_tags.py", line 184, in do_block
    nodelist = parser.parse(('endblock',))
  File "G:\GitHub\StudentOnline\lib\site-packages\django\template\base.py", line 342, in parse
    compiled_result = compile_func(self, token)
  File "G:\GitHub\StudentOnline\lib\site-packages\django\contrib\staticfiles\templatetags\staticfiles.py", line 37, in do_static
    return StaticFilesNode.handle_token(parser, token)
  File "G:\GitHub\StudentOnline\lib\site-packages\django\templatetags\static.py", line 126, in handle_token
    path = parser.compile_filter(bits[1])
  File "G:\GitHub\StudentOnline\lib\site-packages\django\template\base.py", line 424, in compile_filter
    return FilterExpression(token, self)
  File "G:\GitHub\StudentOnline\lib\site-packages\django\template\base.py", line 640, in __init__
    "from '%s'" % (token[upto:], token))
django.template.base.TemplateSyntaxError: Could not parse the remainder: '-fileinput-master/js/fileinput.js'' from 'bootstrap-fileinput-master/js/fileinput.js''

